<?xml version="1.0" encoding="UTF-8"?>
<!-- Generated by org.testng.reporters.JUnitReportReporter -->
<testsuite skipped="0" hostname="TW-577" name="testRunners.TestRunner" tests="1" failures="0" timestamp="12 Aug 2019 14:15:45 GMT" time="6.567" errors="1">
  <testcase name="feature" time="6.567" classname="testRunners.TestRunner">
    <error type="java.lang.Exception" message="Test Data Can not find.....">
      <![CDATA[java.lang.Exception: Test Data Can not find.....
at utilities.ExcelHandler.getTestDataInMap(ExcelHandler.java:34)
at stepDefinitions.TestDataReadingSteps.read_Test_Data_for_TestCase_(TestDataReadingSteps.java:12)
at âœ½.Read Test Data for TestCase_001(file:featureFiles/TestDataReading.feature:4)
]]>
    </error>
  </testcase> <!-- feature -->
</testsuite> <!-- testRunners.TestRunner -->
